0 info it worked if it ends with ok
1 verbose cli [ '/var/lib/stickshift/b98d67b4c69c492d8b55b270ce5133d8/app-root/data//bin/node-openshift',
1 verbose cli   '/var/lib/stickshift/b98d67b4c69c492d8b55b270ce5133d8/app-root/data/lib/node_modules/npm/bin/npm-cli.js',
1 verbose cli   'publish',
1 verbose cli   '.' ]
2 info using npm@1.1.62
3 info using node@v0.6.21
4 verbose node symlink /var/lib/stickshift/b98d67b4c69c492d8b55b270ce5133d8/app-root/data//bin/node-openshift
5 verbose publish [ '.' ]
6 verbose read json /var/lib/stickshift/b98d67b4c69c492d8b55b270ce5133d8/app-root/data/313215/package.json
7 verbose cache add [ '.', null ]
8 silly cache add name=undefined spec="." args=[".",null]
9 verbose parsed url { pathname: '.', path: '.', href: '.' }
10 silly lockFile 3a52ce78- .
11 verbose lock . /var/lib/stickshift/b98d67b4c69c492d8b55b270ce5133d8/app-root/data/.npm/3a52ce78-.lock
12 verbose read json package.json
13 silly lockFile 3a52ce78- .
14 error addLocal Could not install .
15 error Error: invalid version: 0.2
15 error     at validVersion (/var/lib/stickshift/b98d67b4c69c492d8b55b270ce5133d8/app-root/data/lib/node_modules/npm/node_modules/read-package-json/read-json.js:529:40)
15 error     at final (/var/lib/stickshift/b98d67b4c69c492d8b55b270ce5133d8/app-root/data/lib/node_modules/npm/node_modules/read-package-json/read-json.js:289:23)
15 error     at /var/lib/stickshift/b98d67b4c69c492d8b55b270ce5133d8/app-root/data/lib/node_modules/npm/node_modules/read-package-json/read-json.js:119:33
15 error     at cb (/var/lib/stickshift/b98d67b4c69c492d8b55b270ce5133d8/app-root/data/lib/node_modules/npm/node_modules/slide/lib/async-map.js:48:11)
15 error     at /var/lib/stickshift/b98d67b4c69c492d8b55b270ce5133d8/app-root/data/lib/node_modules/npm/node_modules/read-package-json/read-json.js:241:40
15 error     at [object Object].<anonymous> (fs.js:123:5)
15 error     at [object Object].emit (events.js:64:17)
15 error     at fs.js:1190:12
15 error     at Object.oncomplete (/var/lib/stickshift/b98d67b4c69c492d8b55b270ce5133d8/app-root/data/lib/node_modules/npm/node_modules/graceful-fs/graceful-fs.js:90:5)
16 error If you need help, you may report this log at:
16 error     <http://github.com/isaacs/npm/issues>
16 error or email it to:
16 error     <npm-@googlegroups.com>
17 error System Linux 2.6.32-279.11.1.el6.x86_64
18 error command "/var/lib/stickshift/b98d67b4c69c492d8b55b270ce5133d8/app-root/data//bin/node-openshift" "/var/lib/stickshift/b98d67b4c69c492d8b55b270ce5133d8/app-root/data/lib/node_modules/npm/bin/npm-cli.js" "publish" "."
19 error cwd /var/lib/stickshift/b98d67b4c69c492d8b55b270ce5133d8/app-root/data/313215
20 error node -v v0.6.21
21 error npm -v 1.1.62
22 verbose exit [ 1, true ]
